[01:47:28] [Server thread/INFO]: lestaH[/180.191.168.148:7164] logged in with entity id 388995 at (1128.3853643431828, 71.0, 4.127944125996368)
[01:47:28] [Server thread/INFO]: lestaH joined the game
[01:47:47] [Server thread/INFO]: lestaH lost connection: Disconnected
[01:47:47] [Server thread/INFO]: lestaH left the game
[02:51:30] [Server thread/INFO]: lestaH[/180.191.168.148:49185] logged in with entity id 389259 at (1115.087739860104, 71.0, 18.344741809090344)
[02:51:30] [Server thread/INFO]: lestaH joined the game
[02:51:59] [Server thread/INFO]: lestaH lost connection: Disconnected
[02:51:59] [Server thread/INFO]: lestaH left the game
[05:20:57] [Server thread/INFO]: lestaH[/180.191.168.148:34298] logged in with entity id 389502 at (1116.1646078490749, 72.0, 29.315756210132378)
[05:20:57] [Server thread/INFO]: lestaH joined the game
[05:21:17] [Server thread/INFO]: Unknown or incomplete command, see below for error
[05:21:17] [Server thread/INFO]: /spawn<--[HERE]
[05:21:27] [Server thread/INFO]: An entity is required to run this command here
[05:21:44] [Server thread/INFO]: Unknown or incomplete command, see below for error
[05:21:44] [Server thread/INFO]: tp<--[HERE]
[05:21:53] [Server thread/INFO]: Unknown or incomplete command, see below for error
[05:21:53] [Server thread/INFO]: /spawn<--[HERE]
[05:22:03] [Server thread/INFO]: Unknown or incomplete command, see below for error
[05:22:03] [Server thread/INFO]: / tp spawn<--[HERE]
[05:23:22] [Server thread/INFO]: lestaH has made the advancement [We Need to Go Deeper]
[05:25:04] [Server thread/INFO]: A player is required to run this command here
[05:25:19] [Server thread/INFO]: Unknown or incomplete command, see below for error
[05:25:19] [Server thread/INFO]: /tp<--[HERE]
[05:26:22] [Server thread/INFO]: lestaH lost connection: Disconnected
[05:26:22] [Server thread/INFO]: lestaH left the game
[09:09:30] [Server thread/INFO]: poringh[/136.158.28.28:7029] logged in with entity id 390482 at (1107.536047564852, 71.0, -4.8966650044966435)
[09:09:30] [Server thread/INFO]: poringh joined the game
[09:38:19] [Server thread/INFO]: kyotsukette[/122.52.248.193:51615] logged in with entity id 395500 at (1130.699999988079, 71.0, 1.3000000119209223)
[09:38:19] [Server thread/INFO]: kyotsukette joined the game
[09:38:19] [Server thread/WARN]: Fetching packet for removed entity bcv['Spruce Log'/395498, l='ServerLevel[world]', x=1080.28, y=68.46, z=11.79]
[09:39:25] [Server thread/INFO]: <poringh> kuha ka lang diamond dami dyan
[09:49:21] [Server thread/WARN]: kyotsukette moved wrongly!
[09:57:23] [Server thread/INFO]: kyotsukette lost connection: Disconnected
[09:57:23] [Server thread/INFO]: kyotsukette left the game
[09:59:19] [Server thread/INFO]: kyotsukette[/124.107.183.125:52229] logged in with entity id 399861 at (1114.5567199939103, 72.0, -6.755281185334962)
[09:59:19] [Server thread/INFO]: kyotsukette joined the game
[10:01:58] [Server thread/WARN]: Can't keep up! Is the server overloaded? Running 2010ms or 40 ticks behind
[10:02:15] [Server thread/WARN]: Can't keep up! Is the server overloaded? Running 2823ms or 56 ticks behind
[10:02:35] [Server thread/WARN]: Can't keep up! Is the server overloaded? Running 2023ms or 40 ticks behind
[10:08:45] [Server thread/WARN]: Can't keep up! Is the server overloaded? Running 2051ms or 41 ticks behind
[10:09:04] [Server thread/INFO]: poringh lost connection: Disconnected
[10:09:04] [Server thread/INFO]: poringh left the game
[10:12:32] [Server thread/INFO]: kyotsukette lost connection: Disconnected
[10:12:32] [Server thread/INFO]: kyotsukette left the game
[10:56:53] [Server thread/INFO]: lestaH[/180.191.168.148:49478] logged in with entity id 402484 at (1114.436410062232, 72.0, 31.21412288650495)
[10:56:53] [Server thread/INFO]: lestaH joined the game
[10:57:15] [Server thread/INFO]: lestaH lost connection: Disconnected
[10:57:15] [Server thread/INFO]: lestaH left the game
[12:07:26] [Server thread/INFO]: lestaH[/180.191.168.148:61953] logged in with entity id 402747 at (1077.0853776906386, 68.0, 22.27470707031704)
[12:07:26] [Server thread/INFO]: lestaH joined the game
[12:09:01] [Server thread/INFO]: lestaH lost connection: Disconnected
[12:09:01] [Server thread/INFO]: lestaH left the game
[12:42:06] [Server thread/INFO]: poringh[/136.158.28.28:2393] logged in with entity id 403114 at (1115.3010660140294, 71.0, 6.843270769805095)
[12:42:06] [Server thread/INFO]: poringh joined the game
[13:28:01] [Server thread/INFO]: poringh lost connection: Disconnected
[13:28:01] [Server thread/INFO]: poringh left the game
[13:33:56] [Server thread/INFO]: poringh[/136.158.28.28:61431] logged in with entity id 411164 at (34.35726545810061, 73.0, -33.45968029758193)
[13:33:56] [Server thread/INFO]: poringh joined the game
[13:52:47] [Server thread/INFO]: lestaH[/180.191.168.148:34132] logged in with entity id 413899 at (1121.4037605312346, 71.0, 4.65057998198714)
[13:52:47] [Server thread/INFO]: lestaH joined the game
[13:53:00] [Server thread/INFO]: <lestaH> hoy
[13:53:04] [Server thread/INFO]: <lestaH> taenamo
[13:53:04] [Server thread/INFO]: <poringh> tra dito
[13:53:20] [Server thread/INFO]: <poringh> pasok ka dito
[13:53:29] [Server thread/INFO]: <lestaH> pasokan kita
[13:53:53] [Server thread/INFO]: <lestaH> why are you running so fast
[13:54:02] [Server thread/INFO]: <poringh> run ka tas spam mo jump
[13:54:41] [Server thread/INFO]: <lestaH> what r u guys building here
[13:55:04] [Server thread/INFO]: <lestaH> yo
[13:55:07] [Server thread/INFO]: <poringh> hahahahah
[13:55:10] [Server thread/INFO]: <lestaH> follow me
[13:55:28] [Server thread/INFO]: <lestaH> do we have a horse or something?
[13:55:46] [Server thread/INFO]: <poringh> you have to get saddle if you want to
[13:56:01] [Server thread/INFO]: <lestaH> nvm just follow me
[13:56:52] [Server thread/INFO]: <lestaH> btw I only got 1hp
[13:57:00] [Server thread/INFO]: <lestaH> need healing
[13:58:52] [Server thread/INFO]: <lestaH> let's go to other side of this fkcing mountain
[13:58:56] [Server thread/INFO]: lestaH was shot by poringh
[13:59:01] [Server thread/INFO]: <lestaH> fuck
[13:59:08] [Server thread/INFO]: <lestaH> what have you done
[13:59:19] [Server thread/INFO]: <lestaH> ill bring
[13:59:23] [Server thread/INFO]: <lestaH> horse
[14:01:03] [Server thread/INFO]: kyotsukette[/122.52.248.193:49703] logged in with entity id 416499 at (1130.699999988079, 71.0, 1.3000000119209294)
[14:01:04] [Server thread/INFO]: kyotsukette joined the game
[14:01:14] [Server thread/INFO]: lestaH was shot by poringh
[14:01:18] [Server thread/INFO]: lestaH lost connection: Disconnected
[14:01:18] [Server thread/INFO]: lestaH left the game
[14:02:00] [Server thread/INFO]: kyotsukette lost connection: Disconnected
[14:02:00] [Server thread/INFO]: kyotsukette left the game
[14:03:25] [Server thread/INFO]: lestaH[/180.191.168.148:62454] logged in with entity id 416995 at (1127.5, 71.0, 1.5)
[14:03:25] [Server thread/INFO]: lestaH joined the game
[14:03:39] [Server thread/INFO]: lestaH was slain by poringh
[14:03:44] [Server thread/INFO]: kyotsukette[/122.52.248.193:49828] logged in with entity id 417045 at (1130.5, 71.0, 1.5)
[14:03:44] [Server thread/INFO]: kyotsukette joined the game
[14:04:00] [Server thread/INFO]: <lestaH> yo let' go
[14:07:00] [Server thread/INFO]: kyotsukette lost connection: Timed out
[14:07:00] [Server thread/INFO]: kyotsukette left the game
[14:07:28] [Server thread/INFO]: kyotsukette[/122.52.248.193:49953] logged in with entity id 418364 at (1115.6508830609475, 71.0, -15.899440115807963)
[14:07:28] [Server thread/INFO]: kyotsukette joined the game
[14:07:47] [Server thread/INFO]: <poringh> hahhahaha
[14:07:50] [Server thread/INFO]: <poringh> nabiktima ka no
[14:07:56] [Server thread/INFO]: <kyotsukette> gago ka 2 hearts nalang
[14:07:58] [Server thread/INFO]: <kyotsukette> hahahahahahahaha
[14:08:27] [Server thread/INFO]: kyotsukette has made the advancement [Ol' Betsy]
[14:08:38] [Server thread/INFO]: <poringh> ahahhahhaah
[14:08:51] [Server thread/WARN]: kyotsukette moved too quickly! -7.783217015199625,-6.0,-1.9804115598886902
[14:09:11] [Server thread/INFO]: <poringh> asan ka
[14:09:12] [Server thread/INFO]: <poringh> gago
[14:09:50] [Server thread/INFO]: kyotsukette lost connection: Disconnected
[14:09:50] [Server thread/INFO]: kyotsukette left the game
[14:10:56] [Server thread/INFO]: poringh lost connection: Disconnected
[14:10:56] [Server thread/INFO]: poringh left the game
[14:16:03] [Server thread/INFO]: Villager bfj['Leatherworker'/418962, l='ServerLevel[world]', x=117.30, y=71.00, z=-772.30] died, message: 'Leatherworker was slain by Zombie'
[14:20:02] [Server thread/INFO]: lestaH lost connection: Disconnected
[14:20:02] [Server thread/INFO]: lestaH left the game
[20:18:28] [Server thread/INFO]: poringh[/136.158.28.28:32788] logged in with entity id 420256 at (1125.1580812221684, 71.0, 5.295716690429181)
[20:18:28] [Server thread/INFO]: poringh joined the game
[20:23:06] [Server thread/INFO]: poringh lost connection: Disconnected
[20:23:06] [Server thread/INFO]: poringh left the game
[22:38:48] [Server thread/INFO]: poringh[/136.158.28.28:10736] logged in with entity id 421346 at (1091.5277099341124, 68.0, 18.82131068558066)
[22:38:48] [Server thread/INFO]: poringh joined the game
[22:57:30] [Server thread/WARN]: poringh moved too quickly! 6.2502175495721985,-5.0,6.797330723207347
[23:31:38] [Server thread/INFO]: poringh lost connection: Timed out
[23:31:38] [Server thread/INFO]: poringh left the game
